timestamp: 2016-02-15T18:57:02.264170
CREATE TABLE auth_user(
    id INTEGER PRIMARY KEY AUTOINCREMENT,
    first_name CHAR(128),
    last_name CHAR(128),
    email CHAR(512),
    username CHAR(128),
    password CHAR(512),
    registration_key CHAR(512),
    reset_password_key CHAR(512),
    registration_id CHAR(512)
);
success!
timestamp: 2016-02-15T18:57:02.272077
CREATE TABLE auth_group(
    id INTEGER PRIMARY KEY AUTOINCREMENT,
    role CHAR(512),
    description TEXT
);
success!
timestamp: 2016-02-15T18:57:02.277955
CREATE TABLE auth_membership(
    id INTEGER PRIMARY KEY AUTOINCREMENT,
    user_id INTEGER REFERENCES auth_user (id) ON DELETE CASCADE  ,
    group_id INTEGER REFERENCES auth_group (id) ON DELETE CASCADE  
);
success!
timestamp: 2016-02-15T18:57:02.284130
CREATE TABLE auth_permission(
    id INTEGER PRIMARY KEY AUTOINCREMENT,
    group_id INTEGER REFERENCES auth_group (id) ON DELETE CASCADE  ,
    name CHAR(512),
    table_name CHAR(512),
    record_id INTEGER
);
success!
timestamp: 2016-02-15T18:57:02.290625
CREATE TABLE auth_event(
    id INTEGER PRIMARY KEY AUTOINCREMENT,
    time_stamp TIMESTAMP,
    client_ip CHAR(512),
    user_id INTEGER REFERENCES auth_user (id) ON DELETE CASCADE  ,
    origin CHAR(512),
    description TEXT
);
success!
timestamp: 2016-02-15T18:57:02.297318
CREATE TABLE auth_cas(
    id INTEGER PRIMARY KEY AUTOINCREMENT,
    user_id INTEGER REFERENCES auth_user (id) ON DELETE CASCADE  ,
    created_on TIMESTAMP,
    service CHAR(512),
    ticket CHAR(512),
    renew CHAR(1)
);
success!
timestamp: 2016-02-15T18:57:02.302090
CREATE TABLE collection(
    id INTEGER PRIMARY KEY AUTOINCREMENT,
    name CHAR(512) UNIQUE,
    owner INTEGER REFERENCES auth_user (id) ON DELETE CASCADE  ,
    public CHAR(1)
);
success!
timestamp: 2016-02-15T18:57:02.306054
CREATE TABLE currency(
    id INTEGER PRIMARY KEY AUTOINCREMENT,
    name CHAR(512) UNIQUE
);
success!
timestamp: 2016-02-15T18:57:02.311297
CREATE TABLE type(
    id INTEGER PRIMARY KEY AUTOINCREMENT,
    name CHAR(512) UNIQUE
);
success!
timestamp: 2016-02-15T18:57:02.316733
CREATE TABLE object(
    id INTEGER PRIMARY KEY AUTOINCREMENT,
    name CHAR(512),
    owner INTEGER REFERENCES auth_user (id) ON DELETE CASCADE  ,
    price DOUBLE,
    currency INTEGER REFERENCES currency (id) ON DELETE CASCADE  ,
    type INTEGER REFERENCES type (id) ON DELETE CASCADE  ,
    quantity INTEGER,
    tradable_quantity INTEGER,
    description TEXT,
    image CHAR(512)
);
success!
timestamp: 2016-02-15T18:57:02.321795
CREATE TABLE Objects(
    id INTEGER PRIMARY KEY AUTOINCREMENT,
    name CHAR(512),
    price CHAR(512),
    type_taxonomy CHAR(512),
    quantity CHAR(512),
    tradable_quantity CHAR(512),
    description CHAR(512),
    image CHAR(512)
);
success!
